<?xml version="1.0" encoding="UTF-8"?>
<testng-results ignored="0" total="2" passed="2" failed="0" skipped="0">
  <reporter-output>
  </reporter-output>
  <suite started-at="2024-02-10T19:15:48Z" name="Suite1" finished-at="2024-02-10T19:16:28Z" duration-ms="39706">
    <groups>
      <group name="cucumber">
        <method signature="AbstractTestNGCucumberTests.runScenario(io.cucumber.testng.PickleWrapper, io.cucumber.testng.FeatureWrapper)[pri:0, instance:runner.TestRunner@5939a379]" name="runScenario" class="io.cucumber.testng.AbstractTestNGCucumberTests"/>
      </group> <!-- cucumber -->
    </groups>
    <test started-at="2024-02-10T19:15:48Z" name="Nopackage" finished-at="2024-02-10T19:16:28Z" duration-ms="39706">
      <class name="runner.TestRunner">
        <test-method is-config="true" signature="setUpClass(org.testng.ITestContext)[pri:0, instance:runner.TestRunner@5939a379]" started-at="2024-02-10T19:15:48Z" name="setUpClass" finished-at="2024-02-10T19:15:49Z" duration-ms="321" status="PASS">
          <params>
            <param index="0">
              <value>
                <![CDATA[org.testng.TestRunner@7c781c42]]>
              </value>
            </param>
          </params>
          <reporter-output>
          </reporter-output>
        </test-method> <!-- setUpClass -->
        <test-method signature="runScenario(io.cucumber.testng.PickleWrapper, io.cucumber.testng.FeatureWrapper)[pri:0, instance:runner.TestRunner@5939a379]" started-at="2024-02-10T19:15:49Z" name="runScenario" description="Runs Cucumber Scenarios" data-provider="scenarios" finished-at="2024-02-10T19:16:12Z" duration-ms="23746" status="PASS">
          <params>
            <param index="0">
              <value>
                <![CDATA["User login into amazon account"]]>
              </value>
            </param>
            <param index="1">
              <value>
                <![CDATA["User login"]]>
              </value>
            </param>
          </params>
          <reporter-output>
          </reporter-output>
        </test-method> <!-- runScenario -->
        <test-method signature="runScenario(io.cucumber.testng.PickleWrapper, io.cucumber.testng.FeatureWrapper)[pri:0, instance:runner.TestRunner@5939a379]" started-at="2024-02-10T19:16:12Z" name="runScenario" description="Runs Cucumber Scenarios" data-provider="scenarios" finished-at="2024-02-10T19:16:28Z" duration-ms="15613" status="PASS">
          <params>
            <param index="0">
              <value>
                <![CDATA["User login into amazon account"]]>
              </value>
            </param>
            <param index="1">
              <value>
                <![CDATA["User login"]]>
              </value>
            </param>
          </params>
          <reporter-output>
          </reporter-output>
        </test-method> <!-- runScenario -->
        <test-method is-config="true" signature="tearDownClass()[pri:0, instance:runner.TestRunner@5939a379]" started-at="2024-02-10T19:16:28Z" name="tearDownClass" finished-at="2024-02-10T19:16:28Z" duration-ms="4" status="PASS">
          <reporter-output>
          </reporter-output>
        </test-method> <!-- tearDownClass -->
      </class> <!-- runner.TestRunner -->
    </test> <!-- Nopackage -->
  </suite> <!-- Suite1 -->
</testng-results>
